<?xml version="1.0" encoding="UTF-8"?>
<!-- Generated by org.testng.reporters.JUnitReportReporter -->
<testsuite skipped="0" hostname="Oladele" name="testCases.TC_001_Registration" tests="1" failures="0" timestamp="2021-08-18T15:28:50 BST" time="33.222" errors="0">
  <testcase name="TC_001_Account_Registration" time="33.222" classname="testCases.TC_001_Registration"/>
  <system-out/>
</testsuite> <!-- testCases.TC_001_Registration -->
