<?xml version="1.0" encoding="UTF-8"?>
<!-- Generated by org.testng.reporters.JUnitReportReporter -->
<testsuite skipped="0" hostname="Oladele" name="testCases.TC_002_LoginPage" tests="1" failures="0" timestamp="2021-08-18T23:10:22 BST" time="17.978" errors="0">
  <testcase name="test_Login" time="17.978" classname="testCases.TC_002_LoginPage"/>
  <system-out/>
</testsuite> <!-- testCases.TC_002_LoginPage -->
